<?xml version="1.0" encoding="UTF-8"?>
<testsuite name="di.gen.appium.Tests.DemoApp" tests="1" skipped="0" failures="0" errors="0" timestamp="2019-05-26T12:38:33" hostname="wksm-netcom-030" time="18.681">
  <properties/>
  <testcase name="demoApp" classname="di.gen.appium.Tests.DemoApp" time="18.681"/>
  <system-out><![CDATA[]]></system-out>
  <system-err><![CDATA[мая 26, 2019 3:38:47 PM io.appium.java_client.remote.AppiumCommandExecutor$1 lambda$0
INFO: Detected dialect: W3C
]]></system-err>
</testsuite>
